<?xml version="1.0" encoding="UTF-8"?>
<!-- Generated by org.testng.reporters.JUnitReportReporter -->
<testsuite hostname="Nirmala" failures="0" tests="3" name="com.rentv.test.Authentications" time="6.912" errors="0" timestamp="2023-12-06T16:39:36 IST" skipped="0">
  <testcase classname="com.rentv.test.Authentications" name="configProperties" time="0.016"/>
  <system-out/>
  <testcase classname="com.rentv.test.Authentications" name="login" time="4.548"/>
  <system-out/>
  <testcase classname="com.rentv.test.Authentications" name="confirmOtp" time="2.348"/>
  <system-out/>
</testsuite> <!-- com.rentv.test.Authentications -->
