<?xml version="1.0" encoding="UTF-8"?>
<!-- Generated by org.testng.reporters.JUnitReportReporter -->
<testsuite hostname="Nirmala" failures="0" tests="7" name="com.rentv.test.NotificationsModule" time="7.502" errors="0" timestamp="2023-12-04T14:23:30 IST" skipped="0">
  <testcase classname="com.rentv.test.NotificationsModule" name="configProperties" time="0.004"/>
  <system-out/>
  <testcase classname="com.rentv.test.NotificationsModule" name="login" time="0.966"/>
  <system-out/>
  <testcase classname="com.rentv.test.NotificationsModule" name="confirmOtp" time="2.290"/>
  <system-out/>
  <testcase classname="com.rentv.test.NotificationsModule" name="getNotifications" time="0.970"/>
  <system-out/>
  <testcase classname="com.rentv.test.NotificationsModule" name="readNotifications" time="1.127"/>
  <system-out/>
  <testcase classname="com.rentv.test.NotificationsModule" name="countOfUnreadNotifications" time="0.967"/>
  <system-out/>
  <testcase classname="com.rentv.test.NotificationsModule" name="deleteNotifications" time="1.178"/>
  <system-out/>
</testsuite> <!-- com.rentv.test.NotificationsModule -->
